<?xml version="1.0" encoding="utf-8"?><testsuites><testsuite name="pytest" errors="0" failures="0" skipped="0" tests="5" time="63.030" timestamp="2022-03-09T16:57:13.027238" hostname="DESKTOP-M83RNA5"><testcase classname="QuickTalk_Automation.test_Qtalk_button" name="testopen_browser" time="11.798" /><testcase classname="QuickTalk_Automation.test_Qtalk_button" name="testQuickTalk" time="5.097" /><testcase classname="QuickTalk_Automation.test_home_button" name="testopen_browser" time="11.843" /><testcase classname="QuickTalk_Automation.test_home_button" name="testhome_button" time="0.188" /><testcase classname="QuickTalk_Automation.test_open_browser" name="testopen_browser" time="10.418" /></testsuite></testsuites>